<?xml version="1.0" encoding="UTF-8"?>
<!-- Generated by org.testng.reporters.JUnitReportReporter -->
<testsuite skipped="0" hostname="Pavi-PC" name="org.group.GroupB" tests="7" failures="0" timestamp="12 Feb 2021 08:06:54 GMT" time="0.012" errors="0">
  <testcase name="test6" time="0.002" classname="org.group.GroupB"/>
  <testcase name="test2" time="0.001" classname="org.group.GroupB"/>
  <testcase name="test1" time="0.002" classname="org.group.GroupB"/>
  <testcase name="test8" time="0.002" classname="org.group.GroupB"/>
  <testcase name="test4" time="0.001" classname="org.group.GroupB"/>
  <testcase name="test12" time="0.002" classname="org.group.GroupB"/>
  <testcase name="test9" time="0.002" classname="org.group.GroupB"/>
</testsuite> <!-- org.group.GroupB -->
