<?xml version="1.0" encoding="UTF-8"?>
<!-- Generated by org.testng.reporters.JUnitReportReporter -->
<testsuite skipped="0" hostname="Pavi-PC" name="org.group.group.GroupA" tests="2" failures="0" timestamp="12 Feb 2021 08:19:56 GMT" time="0.025" errors="0">
  <testcase name="test10" time="0.024" classname="org.group.group.GroupA"/>
  <testcase name="test11" time="0.001" classname="org.group.group.GroupA"/>
</testsuite> <!-- org.group.group.GroupA -->
