<?xml version="1.0" encoding="UTF-8"?>
<!-- Generated by org.testng.reporters.JUnitReportReporter -->
<testsuite skipped="0" hostname="Pavi-PC" name="org.xml.AdactinBookings" tests="1" failures="0" timestamp="10 Feb 2021 17:38:51 GMT" time="29.109" errors="0">
  <testcase name="bookingTestng" time="29.109" classname="org.xml.AdactinBookings"/>
</testsuite> <!-- org.xml.AdactinBookings -->
