<?xml version="1.0" encoding="UTF-8"?>
<!-- Generated by org.testng.reporters.JUnitReportReporter -->
<testsuite skipped="0" hostname="Pavi-PC" name="org.dataprovider.AdactinBookings" tests="3" failures="0" timestamp="11 Feb 2021 08:41:13 GMT" time="69.084" errors="0">
  <testcase name="bookingTestng" time="26.285" classname="org.dataprovider.AdactinBookings"/>
  <testcase name="bookingTestng" time="21.252" classname="org.dataprovider.AdactinBookings"/>
  <testcase name="bookingTestng" time="21.547" classname="org.dataprovider.AdactinBookings"/>
</testsuite> <!-- org.dataprovider.AdactinBookings -->
