<?xml version="1.0" encoding="UTF-8"?>
<!-- Generated by org.testng.reporters.JUnitReportReporter -->
<testsuite skipped="0" hostname="Pavi-PC" name="org.xml.DataProviders" tests="3" failures="0" timestamp="11 Feb 2021 08:28:21 GMT" time="0.025" errors="0">
  <testcase name="test" time="0.002" classname="org.xml.DataProviders"/>
  <testcase name="test" time="0.021" classname="org.xml.DataProviders"/>
  <testcase name="test" time="0.002" classname="org.xml.DataProviders"/>
</testsuite> <!-- org.xml.DataProviders -->
