<?xml version="1.0" encoding="UTF-8"?>
<!-- Generated by org.testng.reporters.JUnitReportReporter -->
<testsuite skipped="0" hostname="Pavi-PC" name="org.nykaa.Sample" tests="1" failures="0" timestamp="23 Feb 2021 07:44:43 GMT" time="111.104" errors="0">
  <testcase name="test" time="111.104" classname="org.nykaa.Sample"/>
</testsuite> <!-- org.nykaa.Sample -->
