<?xml version="1.0" encoding="UTF-8"?>
<!-- Generated by org.testng.reporters.JUnitReportReporter -->
<testsuite skipped="0" hostname="Pavi-PC" name="org.group.group.GroupB" tests="8" failures="0" timestamp="12 Feb 2021 08:19:56 GMT" time="0.019" errors="0">
  <testcase name="test7" time="0.003" classname="org.group.group.GroupB"/>
  <testcase name="test4" time="0.002" classname="org.group.group.GroupB"/>
  <testcase name="test1" time="0.002" classname="org.group.group.GroupB"/>
  <testcase name="test2" time="0.002" classname="org.group.group.GroupB"/>
  <testcase name="test10" time="0.002" classname="org.group.group.GroupB"/>
  <testcase name="test6" time="0.005" classname="org.group.group.GroupB"/>
  <testcase name="test3" time="0.002" classname="org.group.group.GroupB"/>
  <testcase name="test11" time="0.001" classname="org.group.group.GroupB"/>
</testsuite> <!-- org.group.group.GroupB -->
